Mon, 01 Oct 2018 09:01:30 MapWidget: Initialized MapWidget
Mon, 01 Oct 2018 09:01:30 CompassWidget: Initialized Compass
Mon, 01 Oct 2018 09:01:30 MainWindow: Initialized MainWindow
Mon, 01 Oct 2018 09:01:31 MapWidget: Marker (40.450604159066465, -86.86978542327881) Added
Mon, 01 Oct 2018 09:01:31 MapWidget: Markers: [(40.450604159066465, -86.86978542327881)]
Mon, 01 Oct 2018 09:01:32 MapWidget: Marker (40.44890596840842, -86.8679829788208) Added
Mon, 01 Oct 2018 09:01:32 MapWidget: Markers: [(40.450604159066465, -86.86978542327881), (40.44890596840842, -86.8679829788208)]
Mon, 01 Oct 2018 09:01:32 MapWidget: Marker (40.44820381934724, -86.8692060661316) Added
Mon, 01 Oct 2018 09:01:32 MapWidget: Markers: [(40.450604159066465, -86.86978542327881), (40.44890596840842, -86.8679829788208), (40.44820381934724, -86.8692060661316)]
Mon, 01 Oct 2018 09:01:32 MapWidget: Marker (40.450604159066465, -86.8711157989502) Added
Mon, 01 Oct 2018 09:01:32 MapWidget: Markers: [(40.450604159066465, -86.86978542327881), (40.44890596840842, -86.8679829788208), (40.44820381934724, -86.8692060661316), (40.450604159066465, -86.8711157989502)]
Mon, 01 Oct 2018 09:01:33 MapWidget: Marker (40.450604159066465, -86.8711157989502) Removed
Mon, 01 Oct 2018 09:01:33 MapWidget: Markers: [(40.450604159066465, -86.86978542327881), (40.44890596840842, -86.8679829788208), (40.44820381934724, -86.8692060661316)]
Mon, 01 Oct 2018 09:01:33 MapWidget: Marker (40.44820381934724, -86.8692060661316) Removed
Mon, 01 Oct 2018 09:01:33 MapWidget: Markers: [(40.450604159066465, -86.86978542327881), (40.44890596840842, -86.8679829788208)]
Mon, 01 Oct 2018 09:01:33 MapWidget: Marker (40.44890596840842, -86.8679829788208) Removed
Mon, 01 Oct 2018 09:01:33 MapWidget: Markers: [(40.450604159066465, -86.86978542327881)]
Mon, 01 Oct 2018 09:01:34 MapWidget: Marker (40.45166550643646, -86.86866962432862) Added
Mon, 01 Oct 2018 09:01:34 MapWidget: Markers: [(40.450604159066465, -86.86978542327881), (40.45166550643646, -86.86866962432862)]
Mon, 01 Oct 2018 09:01:35 MapWidget: Marker (40.450310244523365, -86.87060081481934) Added
Mon, 01 Oct 2018 09:01:35 MapWidget: Markers: [(40.450604159066465, -86.86978542327881), (40.45166550643646, -86.86866962432862), (40.450310244523365, -86.87060081481934)]
Mon, 01 Oct 2018 09:01:36 MapWidget: Marker (40.449722411580844, -86.86963521957398) Added
Mon, 01 Oct 2018 09:01:36 MapWidget: Markers: [(40.450604159066465, -86.86978542327881), (40.45166550643646, -86.86866962432862), (40.450310244523365, -86.87060081481934), (40.449722411580844, -86.86963521957398)]
Mon, 01 Oct 2018 09:01:37 MapWidget: Marker (40.44931419123445, -86.86824047088624) Added
Mon, 01 Oct 2018 09:01:37 MapWidget: Markers: [(40.450604159066465, -86.86978542327881), (40.45166550643646, -86.86866962432862), (40.450310244523365, -86.87060081481934), (40.449722411580844, -86.86963521957398), (40.44931419123445, -86.86824047088624)]
Mon, 01 Oct 2018 09:01:37 MapWidget: Marker (40.45174714784754, -86.87019311904908) Added
Mon, 01 Oct 2018 09:01:37 MapWidget: Markers: [(40.450604159066465, -86.86978542327881), (40.45166550643646, -86.86866962432862), (40.450310244523365, -86.87060081481934), (40.449722411580844, -86.86963521957398), (40.44931419123445, -86.86824047088624), (40.45174714784754, -86.87019311904908)]
Mon, 01 Oct 2018 09:01:38 MapWidget: Marker (40.45174714784754, -86.87019311904908) Removed
Mon, 01 Oct 2018 09:01:38 MapWidget: Markers: [(40.450604159066465, -86.86978542327881), (40.45166550643646, -86.86866962432862), (40.450310244523365, -86.87060081481934), (40.449722411580844, -86.86963521957398), (40.44931419123445, -86.86824047088624)]
Mon, 01 Oct 2018 09:01:38 MapWidget: Marker (40.44931419123445, -86.86824047088624) Removed
Mon, 01 Oct 2018 09:01:38 MapWidget: Markers: [(40.450604159066465, -86.86978542327881), (40.45166550643646, -86.86866962432862), (40.450310244523365, -86.87060081481934), (40.449722411580844, -86.86963521957398)]
Mon, 01 Oct 2018 09:01:38 MapWidget: Marker (40.449722411580844, -86.86963521957398) Removed
Mon, 01 Oct 2018 09:01:38 MapWidget: Markers: [(40.450604159066465, -86.86978542327881), (40.45166550643646, -86.86866962432862), (40.450310244523365, -86.87060081481934)]
Mon, 01 Oct 2018 09:01:38 MapWidget: Marker (40.450310244523365, -86.87060081481934) Removed
Mon, 01 Oct 2018 09:01:38 MapWidget: Markers: [(40.450604159066465, -86.86978542327881), (40.45166550643646, -86.86866962432862)]
Mon, 01 Oct 2018 09:01:38 MapWidget: Marker (40.45166550643646, -86.86866962432862) Removed
Mon, 01 Oct 2018 09:01:38 MapWidget: Markers: [(40.450604159066465, -86.86978542327881)]
Mon, 01 Oct 2018 09:01:38 MapWidget: Marker (40.450604159066465, -86.86978542327881) Removed
Mon, 01 Oct 2018 09:01:38 MapWidget: Markers: []
Mon, 01 Oct 2018 09:01:39 MapWidget: Marker (40.45057150195849, -86.86952793121338) Added
Mon, 01 Oct 2018 09:01:39 MapWidget: Markers: [(40.45057150195849, -86.86952793121338)]
Mon, 01 Oct 2018 09:01:40 MapWidget: Marker (40.448595535469934, -86.86748873514085) Added
Mon, 01 Oct 2018 09:01:40 MapWidget: Markers: [(40.45057150195849, -86.86952793121338), (40.448595535469934, -86.86748873514085)]
Mon, 01 Oct 2018 09:01:40 MapWidget: Marker (40.448611864505985, -86.86999928277879) Added
Mon, 01 Oct 2018 09:01:40 MapWidget: Markers: [(40.45057150195849, -86.86952793121338), (40.448595535469934, -86.86748873514085), (40.448611864505985, -86.86999928277879)]
Mon, 01 Oct 2018 09:01:40 MapWidget: Marker (40.4501304475194, -86.86961304468065) Added
Mon, 01 Oct 2018 09:01:40 MapWidget: Markers: [(40.45057150195849, -86.86952793121338), (40.448595535469934, -86.86748873514085), (40.448611864505985, -86.86999928277879), (40.4501304475194, -86.86961304468065)]
Mon, 01 Oct 2018 09:01:41 MapWidget: Marker (40.45044069144057, -86.86796080392747) Added
Mon, 01 Oct 2018 09:01:41 MapWidget: Markers: [(40.45057150195849, -86.86952793121338), (40.448595535469934, -86.86748873514085), (40.448611864505985, -86.86999928277879), (40.4501304475194, -86.86961304468065), (40.45044069144057, -86.86796080392747)]
Mon, 01 Oct 2018 09:01:42 MapWidget: Marker (40.45044069144057, -86.86796080392747) Removed
Mon, 01 Oct 2018 09:01:42 MapWidget: Markers: [(40.45057150195849, -86.86952793121338), (40.448595535469934, -86.86748873514085), (40.448611864505985, -86.86999928277879), (40.4501304475194, -86.86961304468065)]
Mon, 01 Oct 2018 09:01:42 MapWidget: Marker (40.4501304475194, -86.86961304468065) Removed
Mon, 01 Oct 2018 09:01:42 MapWidget: Markers: [(40.45057150195849, -86.86952793121338), (40.448595535469934, -86.86748873514085), (40.448611864505985, -86.86999928277879)]
Mon, 01 Oct 2018 09:01:42 MapWidget: Marker (40.448611864505985, -86.86999928277879) Removed
Mon, 01 Oct 2018 09:01:42 MapWidget: Markers: [(40.45057150195849, -86.86952793121338), (40.448595535469934, -86.86748873514085)]
Mon, 01 Oct 2018 09:01:42 MapWidget: Marker (40.448595535469934, -86.86748873514085) Removed
Mon, 01 Oct 2018 09:01:42 MapWidget: Markers: [(40.45057150195849, -86.86952793121338)]
